<?xml version="1.0" encoding="UTF-8"?>
<!-- Generated by org.testng.reporters.JUnitXMLReporter -->
<testsuite ignored="0" hostname="LAPTOP-70PFIIMI" failures="1" tests="6" name="Test1" time="0.064" errors="0" timestamp="2025-03-15T10:12:56 IST">
  <testcase classname="TestNGPractice.TestOne" name="A" time="0.01">
    <skipped/>
  </testcase> <!-- A -->
  <testcase classname="TestNGPractice.TestOne" name="A" time="0.003">
    <skipped/>
  </testcase> <!-- A -->
  <testcase classname="TestNGPractice.TestOne" name="A" time="0.002">
    <skipped/>
  </testcase> <!-- A -->
  <testcase classname="TestNGPractice.TestOne" name="A" time="0.002">
    <skipped/>
  </testcase> <!-- A -->
  <testcase classname="TestNGPractice.TestOne" name="A" time="0.001">
    <skipped/>
  </testcase> <!-- A -->
  <testcase classname="TestNGPractice.TestOne" name="A" time="0.001">
    <failure type="java.lang.AssertionError" message="expected [true] but found [false]">
      <![CDATA[java.lang.AssertionError: expected [true] but found [false]
at TestNGPractice.TestOne.A(TestOne.java:13)
at java.base/java.util.ArrayList.forEach(ArrayList.java:1511)
... Removed 31 stack frames]]>
    </failure>
  </testcase> <!-- A -->
</testsuite> <!-- Test1 -->
